Using pre-set license
Built from '2020.2/staging' branch; Version is '2020.2.7f1 (c53830e277f1) revision 12924976'; Using compiler version '192528614'; Build Type 'Release'
OS: 'Windows 10 Home; OS build 18363.1440; Version 1909; 64bit' Language: 'ko' Physical Memory: 16233 MB
BatchMode: 1, IsHumanControllingUs: 0, StartBugReporterOnCrash: 0, Is64bit: 1, IsPro: 0

 COMMAND LINE ARGUMENTS:
C:\2020.2.7f1\Editor\Unity.exe
-adb2
-batchMode
-noUpm
-name
AssetImportWorker0
-projectPath
C:/IdleGame/2DIdleGame
-logFile
Logs/AssetImportWorker0.log
-srvPort
59908
Successfully changed project path to: C:/IdleGame/2DIdleGame
C:/IdleGame/2DIdleGame
Using Asset Import Pipeline V2.
Refreshing native plugins compatible for Editor in 39.62 ms, found 1 plugins.
Preloading 0 native plugins for Editor in 0.00 ms.
Initialize engine version: 2020.2.7f1 (c53830e277f1)
[Subsystems] Discovering subsystems at path C:/2020.2.7f1/Editor/Data/Resources/UnitySubsystems
[Subsystems] Discovering subsystems at path C:/IdleGame/2DIdleGame/Assets
GfxDevice: creating device client; threaded=0
Direct3D:
    Version:  Direct3D 11.0 [level 11.1]
    Renderer: NVIDIA GeForce RTX 2060 (ID=0x1f11)
    Vendor:   
    VRAM:     5980 MB
    Driver:   26.21.14.3187
Initialize mono
Mono path[0] = 'C:/2020.2.7f1/Editor/Data/Managed'
Mono path[1] = 'C:/2020.2.7f1/Editor/Data/MonoBleedingEdge/lib/mono/unityjit'
Mono config path = 'C:/2020.2.7f1/Editor/Data/MonoBleedingEdge/etc'
Using monoOptions --debugger-agent=transport=dt_socket,embedding=1,server=y,suspend=n,address=127.0.0.1:56944
Begin MonoManager ReloadAssembly
Registering precompiled unity dll's ...
Register platform support module: C:/2020.2.7f1/Editor/Data/PlaybackEngines/WindowsStandaloneSupport/UnityEditor.WindowsStandalone.Extensions.dll
Registered in 0.003283 seconds.
Native extension for WindowsStandalone target not found
Refreshing native plugins compatible for Editor in 33.57 ms, found 1 plugins.
Preloading 0 native plugins for Editor in 0.00 ms.
Invoked RoslynAnalysisRunner static constructor.
RoslynAnalysisRunner will not be running.
RoslynAnalysisRunner has terminated.
Mono: successfully reloaded assembly
- Completed reload, in  2.122 seconds
Platform modules already initialized, skipping
Registering precompiled user dll's ...
Registered in 0.001492 seconds.
Begin MonoManager ReloadAssembly
Native extension for WindowsStandalone target not found
Refreshing native plugins compatible for Editor in 34.78 ms, found 1 plugins.
Preloading 0 native plugins for Editor in 0.00 ms.
Invoked RoslynAnalysisRunner static constructor.
RoslynAnalysisRunner will not be running.
RoslynAnalysisRunner has terminated.
Mono: successfully reloaded assembly
- Completed reload, in  0.931 seconds
Platform modules already initialized, skipping
========================================================================
Worker process is ready to serve import requests
Launched and connected shader compiler UnityShaderCompiler.exe after 0.06 seconds
Refreshing native plugins compatible for Editor in 0.32 ms, found 1 plugins.
Preloading 0 native plugins for Editor in 0.00 ms.
Unloading 1810 Unused Serialized files (Serialized files now loaded: 0)
System memory in use before: 84.7 MB.
System memory in use after: 84.7 MB.

Unloading 24 unused Assets to reduce memory usage. Loaded Objects now: 2254.
Total: 2.295300 ms (FindLiveObjects: 0.201700 ms CreateObjectMapping: 0.088400 ms MarkObjects: 1.838400 ms  DeleteObjects: 0.165500 ms)

========================================================================
Received Import Request.
  path: Assets/NewBehaviourScript.cs
  artifactKey: Guid(2f4f76fea1cf0004fa027cd02309147d) Importer(815301076,1909f56bfc062723c751e8b465ee728b)
Start importing Assets/NewBehaviourScript.cs using Guid(2f4f76fea1cf0004fa027cd02309147d) Importer(815301076,1909f56bfc062723c751e8b465ee728b)  -> (artifact id: 'a027c9e3dd3630b9feb13f723cbde992') in 0.038412 seconds
  Import took 0.041089 seconds .

========================================================================
Received Import Request.
  Time since last request: 0.000305 seconds.
  path: Assets/Enemy.cs
  artifactKey: Guid(11b06910e1d2d8143bce9b2ee61a9ccc) Importer(815301076,1909f56bfc062723c751e8b465ee728b)
Start importing Assets/Enemy.cs using Guid(11b06910e1d2d8143bce9b2ee61a9ccc) Importer(815301076,1909f56bfc062723c751e8b465ee728b)  -> (artifact id: '2ef3a500e92f5d73d50d2b930f8cc605') in 0.006571 seconds
  Import took 0.009010 seconds .

========================================================================
Received Import Request.
  Time since last request: 0.000324 seconds.
  path: Assets/Enemy.prefab
  artifactKey: Guid(284a47d1b53a60447a8c1cde7db7dac7) Importer(815301076,1909f56bfc062723c751e8b465ee728b)
Start importing Assets/Enemy.prefab using Guid(284a47d1b53a60447a8c1cde7db7dac7) Importer(815301076,1909f56bfc062723c751e8b465ee728b)  -> (artifact id: 'f4b49aa74e354af6b2da5a1606a4231c') in 0.081429 seconds
  Import took 0.083931 seconds .

========================================================================
Received Import Request.
  Time since last request: 6.506706 seconds.
  path: Assets/EnemyMove.cs
  artifactKey: Guid(2f4f76fea1cf0004fa027cd02309147d) Importer(815301076,1909f56bfc062723c751e8b465ee728b)
Start importing Assets/EnemyMove.cs using Guid(2f4f76fea1cf0004fa027cd02309147d) Importer(815301076,1909f56bfc062723c751e8b465ee728b)  -> (artifact id: 'e0b289978900b8259d2cda992bf58b2a') in 0.007546 seconds
  Import took 0.010335 seconds .

========================================================================
Received Prepare
Registering precompiled user dll's ...
Registered in 0.001428 seconds.
Begin MonoManager ReloadAssembly
Native extension for WindowsStandalone target not found
Refreshing native plugins compatible for Editor in 0.32 ms, found 1 plugins.
Preloading 0 native plugins for Editor in 0.00 ms.
Invoked RoslynAnalysisRunner static constructor.
RoslynAnalysisRunner will not be running.
RoslynAnalysisRunner has terminated.
Mono: successfully reloaded assembly
- Completed reload, in  0.856 seconds
Platform modules already initialized, skipping
Refreshing native plugins compatible for Editor in 0.32 ms, found 1 plugins.
Preloading 0 native plugins for Editor in 0.00 ms.
Unloading 1805 Unused Serialized files (Serialized files now loaded: 0)
System memory in use before: 87.8 MB.
System memory in use after: 87.8 MB.

Unloading 13 unused Assets to reduce memory usage. Loaded Objects now: 2266.
Total: 1.904500 ms (FindLiveObjects: 0.166800 ms CreateObjectMapping: 0.065300 ms MarkObjects: 1.569700 ms  DeleteObjects: 0.101800 ms)

========================================================================
Received Import Request.
  Time since last request: 8.115055 seconds.
  path: Assets/GameManager.cs
  artifactKey: Guid(181343149f18a08449f09cebc33816cf) Importer(815301076,1909f56bfc062723c751e8b465ee728b)
Start importing Assets/GameManager.cs using Guid(181343149f18a08449f09cebc33816cf) Importer(815301076,1909f56bfc062723c751e8b465ee728b)  -> (artifact id: '96c1fe637ea4f325bd7683be81cb78a6') in 0.010007 seconds
  Import took 0.013072 seconds .

========================================================================
Received Prepare
Registering precompiled user dll's ...
Registered in 0.001754 seconds.
Begin MonoManager ReloadAssembly
Native extension for WindowsStandalone target not found
Refreshing native plugins compatible for Editor in 0.33 ms, found 1 plugins.
Preloading 0 native plugins for Editor in 0.00 ms.
Invoked RoslynAnalysisRunner static constructor.
RoslynAnalysisRunner will not be running.
RoslynAnalysisRunner has terminated.
Mono: successfully reloaded assembly
- Completed reload, in  0.837 seconds
Platform modules already initialized, skipping
Refreshing native plugins compatible for Editor in 0.32 ms, found 1 plugins.
Preloading 0 native plugins for Editor in 0.00 ms.
Unloading 1805 Unused Serialized files (Serialized files now loaded: 0)
System memory in use before: 87.9 MB.
System memory in use after: 87.9 MB.

Unloading 12 unused Assets to reduce memory usage. Loaded Objects now: 2270.
Total: 1.925600 ms (FindLiveObjects: 0.158300 ms CreateObjectMapping: 0.054600 ms MarkObjects: 1.623600 ms  DeleteObjects: 0.088200 ms)

========================================================================
Received Import Request.
  Time since last request: 131.568781 seconds.
  path: Assets/EnemySpawn.cs
  artifactKey: Guid(babb5835ab074bd47a242db44bdb068d) Importer(815301076,1909f56bfc062723c751e8b465ee728b)
Start importing Assets/EnemySpawn.cs using Guid(babb5835ab074bd47a242db44bdb068d) Importer(815301076,1909f56bfc062723c751e8b465ee728b)  -> (artifact id: '969f6b41480c917ea2059e7eb3e21ded') in 0.010571 seconds
  Import took 0.013919 seconds .

========================================================================
Received Prepare
Registering precompiled user dll's ...
Registered in 0.001592 seconds.
Begin MonoManager ReloadAssembly
Native extension for WindowsStandalone target not found
Refreshing native plugins compatible for Editor in 0.40 ms, found 1 plugins.
Preloading 0 native plugins for Editor in 0.00 ms.
Invoked RoslynAnalysisRunner static constructor.
RoslynAnalysisRunner will not be running.
RoslynAnalysisRunner has terminated.
Mono: successfully reloaded assembly
- Completed reload, in  0.847 seconds
Platform modules already initialized, skipping
Refreshing native plugins compatible for Editor in 0.33 ms, found 1 plugins.
Preloading 0 native plugins for Editor in 0.00 ms.
Unloading 1806 Unused Serialized files (Serialized files now loaded: 0)
System memory in use before: 87.9 MB.
System memory in use after: 87.9 MB.

Unloading 12 unused Assets to reduce memory usage. Loaded Objects now: 2275.
Total: 1.785100 ms (FindLiveObjects: 0.157600 ms CreateObjectMapping: 0.059400 ms MarkObjects: 1.477800 ms  DeleteObjects: 0.089300 ms)

========================================================================
Received Prepare
Registering precompiled user dll's ...
Registered in 0.001537 seconds.
Begin MonoManager ReloadAssembly
Native extension for WindowsStandalone target not found
Refreshing native plugins compatible for Editor in 0.34 ms, found 1 plugins.
Preloading 0 native plugins for Editor in 0.00 ms.
Invoked RoslynAnalysisRunner static constructor.
RoslynAnalysisRunner will not be running.
RoslynAnalysisRunner has terminated.
Mono: successfully reloaded assembly
- Completed reload, in  0.865 seconds
Platform modules already initialized, skipping
Refreshing native plugins compatible for Editor in 0.33 ms, found 1 plugins.
Preloading 0 native plugins for Editor in 0.00 ms.
Unloading 1806 Unused Serialized files (Serialized files now loaded: 0)
System memory in use before: 87.9 MB.
System memory in use after: 87.9 MB.

Unloading 12 unused Assets to reduce memory usage. Loaded Objects now: 2279.
Total: 1.826800 ms (FindLiveObjects: 0.204600 ms CreateObjectMapping: 0.078800 ms MarkObjects: 1.429100 ms  DeleteObjects: 0.113000 ms)

========================================================================
Received Prepare
Registering precompiled user dll's ...
Registered in 0.001452 seconds.
Begin MonoManager ReloadAssembly
Native extension for WindowsStandalone target not found
Refreshing native plugins compatible for Editor in 0.32 ms, found 1 plugins.
Preloading 0 native plugins for Editor in 0.00 ms.
Invoked RoslynAnalysisRunner static constructor.
RoslynAnalysisRunner will not be running.
RoslynAnalysisRunner has terminated.
Mono: successfully reloaded assembly
- Completed reload, in  0.820 seconds
Platform modules already initialized, skipping
Refreshing native plugins compatible for Editor in 0.31 ms, found 1 plugins.
Preloading 0 native plugins for Editor in 0.00 ms.
Unloading 1806 Unused Serialized files (Serialized files now loaded: 0)
System memory in use before: 87.9 MB.
System memory in use after: 87.9 MB.

Unloading 12 unused Assets to reduce memory usage. Loaded Objects now: 2283.
Total: 1.832900 ms (FindLiveObjects: 0.151100 ms CreateObjectMapping: 0.056000 ms MarkObjects: 1.526200 ms  DeleteObjects: 0.098700 ms)

========================================================================
Received Prepare
Registering precompiled user dll's ...
Registered in 0.001482 seconds.
Begin MonoManager ReloadAssembly
Native extension for WindowsStandalone target not found
Refreshing native plugins compatible for Editor in 0.32 ms, found 1 plugins.
Preloading 0 native plugins for Editor in 0.00 ms.
Invoked RoslynAnalysisRunner static constructor.
RoslynAnalysisRunner will not be running.
RoslynAnalysisRunner has terminated.
Mono: successfully reloaded assembly
- Completed reload, in  0.863 seconds
Platform modules already initialized, skipping
Refreshing native plugins compatible for Editor in 0.36 ms, found 1 plugins.
Preloading 0 native plugins for Editor in 0.00 ms.
Unloading 1806 Unused Serialized files (Serialized files now loaded: 0)
System memory in use before: 87.9 MB.
System memory in use after: 87.9 MB.

Unloading 12 unused Assets to reduce memory usage. Loaded Objects now: 2287.
Total: 2.116500 ms (FindLiveObjects: 0.187300 ms CreateObjectMapping: 0.056800 ms MarkObjects: 1.750000 ms  DeleteObjects: 0.121300 ms)

========================================================================
Received Prepare
Registering precompiled user dll's ...
Registered in 0.001532 seconds.
Begin MonoManager ReloadAssembly
Native extension for WindowsStandalone target not found
Refreshing native plugins compatible for Editor in 0.32 ms, found 1 plugins.
Preloading 0 native plugins for Editor in 0.00 ms.
Invoked RoslynAnalysisRunner static constructor.
RoslynAnalysisRunner will not be running.
RoslynAnalysisRunner has terminated.
Mono: successfully reloaded assembly
- Completed reload, in  0.810 seconds
Platform modules already initialized, skipping
Refreshing native plugins compatible for Editor in 0.32 ms, found 1 plugins.
Preloading 0 native plugins for Editor in 0.00 ms.
Unloading 1806 Unused Serialized files (Serialized files now loaded: 0)
System memory in use before: 88.0 MB.
System memory in use after: 88.0 MB.

Unloading 12 unused Assets to reduce memory usage. Loaded Objects now: 2291.
Total: 1.793200 ms (FindLiveObjects: 0.159600 ms CreateObjectMapping: 0.061300 ms MarkObjects: 1.473200 ms  DeleteObjects: 0.098300 ms)

========================================================================
Received Prepare
Registering precompiled user dll's ...
Registered in 0.001426 seconds.
Begin MonoManager ReloadAssembly
Native extension for WindowsStandalone target not found
Refreshing native plugins compatible for Editor in 0.34 ms, found 1 plugins.
Preloading 0 native plugins for Editor in 0.00 ms.
Invoked RoslynAnalysisRunner static constructor.
RoslynAnalysisRunner will not be running.
RoslynAnalysisRunner has terminated.
Mono: successfully reloaded assembly
- Completed reload, in  0.830 seconds
Platform modules already initialized, skipping
Refreshing native plugins compatible for Editor in 0.32 ms, found 1 plugins.
Preloading 0 native plugins for Editor in 0.00 ms.
Unloading 1806 Unused Serialized files (Serialized files now loaded: 0)
System memory in use before: 88.0 MB.
System memory in use after: 88.0 MB.

Unloading 12 unused Assets to reduce memory usage. Loaded Objects now: 2295.
Total: 1.948200 ms (FindLiveObjects: 0.167500 ms CreateObjectMapping: 0.071900 ms MarkObjects: 1.613300 ms  DeleteObjects: 0.094600 ms)

========================================================================
Received Prepare
Registering precompiled user dll's ...
Registered in 0.001419 seconds.
Begin MonoManager ReloadAssembly
Native extension for WindowsStandalone target not found
Refreshing native plugins compatible for Editor in 0.34 ms, found 1 plugins.
Preloading 0 native plugins for Editor in 0.00 ms.
Invoked RoslynAnalysisRunner static constructor.
RoslynAnalysisRunner will not be running.
RoslynAnalysisRunner has terminated.
Mono: successfully reloaded assembly
- Completed reload, in  0.824 seconds
Platform modules already initialized, skipping
Refreshing native plugins compatible for Editor in 0.33 ms, found 1 plugins.
Preloading 0 native plugins for Editor in 0.00 ms.
Unloading 1806 Unused Serialized files (Serialized files now loaded: 0)
System memory in use before: 88.0 MB.
System memory in use after: 88.0 MB.

Unloading 12 unused Assets to reduce memory usage. Loaded Objects now: 2299.
Total: 2.255800 ms (FindLiveObjects: 0.174600 ms CreateObjectMapping: 0.061400 ms MarkObjects: 1.905700 ms  DeleteObjects: 0.113100 ms)

========================================================================
Received Prepare
Registering precompiled user dll's ...
Registered in 0.001484 seconds.
Begin MonoManager ReloadAssembly
Native extension for WindowsStandalone target not found
Refreshing native plugins compatible for Editor in 0.32 ms, found 1 plugins.
Preloading 0 native plugins for Editor in 0.00 ms.
Invoked RoslynAnalysisRunner static constructor.
RoslynAnalysisRunner will not be running.
RoslynAnalysisRunner has terminated.
Mono: successfully reloaded assembly
- Completed reload, in  0.818 seconds
Platform modules already initialized, skipping
Refreshing native plugins compatible for Editor in 0.32 ms, found 1 plugins.
Preloading 0 native plugins for Editor in 0.00 ms.
Unloading 1806 Unused Serialized files (Serialized files now loaded: 0)
System memory in use before: 88.0 MB.
System memory in use after: 88.0 MB.

Unloading 12 unused Assets to reduce memory usage. Loaded Objects now: 2303.
Total: 1.826300 ms (FindLiveObjects: 0.164000 ms CreateObjectMapping: 0.073100 ms MarkObjects: 1.495800 ms  DeleteObjects: 0.092700 ms)

========================================================================
Received Prepare
Registering precompiled user dll's ...
Registered in 0.001434 seconds.
Begin MonoManager ReloadAssembly
Native extension for WindowsStandalone target not found
Refreshing native plugins compatible for Editor in 0.35 ms, found 1 plugins.
Preloading 0 native plugins for Editor in 0.00 ms.
Invoked RoslynAnalysisRunner static constructor.
RoslynAnalysisRunner will not be running.
RoslynAnalysisRunner has terminated.
Mono: successfully reloaded assembly
- Completed reload, in  0.829 seconds
Platform modules already initialized, skipping
Refreshing native plugins compatible for Editor in 0.34 ms, found 1 plugins.
Preloading 0 native plugins for Editor in 0.00 ms.
Unloading 1806 Unused Serialized files (Serialized files now loaded: 0)
System memory in use before: 88.0 MB.
System memory in use after: 88.0 MB.

Unloading 12 unused Assets to reduce memory usage. Loaded Objects now: 2307.
Total: 1.748800 ms (FindLiveObjects: 0.176900 ms CreateObjectMapping: 0.067400 ms MarkObjects: 1.402700 ms  DeleteObjects: 0.100800 ms)

========================================================================
Received Import Request.
  Time since last request: 1519.141199 seconds.
  path: Assets/Player.cs
  artifactKey: Guid(cc2ceb84767d72d44901a10c39d4dd2e) Importer(815301076,1909f56bfc062723c751e8b465ee728b)
Start importing Assets/Player.cs using Guid(cc2ceb84767d72d44901a10c39d4dd2e) Importer(815301076,1909f56bfc062723c751e8b465ee728b)  -> (artifact id: '1b2fa47d890d807c7bcefe4efbacc3a7') in 0.054426 seconds
  Import took 0.057474 seconds .

========================================================================
Received Prepare
Registering precompiled user dll's ...
Registered in 0.001753 seconds.
Begin MonoManager ReloadAssembly
Native extension for WindowsStandalone target not found
Refreshing native plugins compatible for Editor in 0.32 ms, found 1 plugins.
Preloading 0 native plugins for Editor in 0.00 ms.
Invoked RoslynAnalysisRunner static constructor.
RoslynAnalysisRunner will not be running.
RoslynAnalysisRunner has terminated.
Mono: successfully reloaded assembly
- Completed reload, in  0.826 seconds
Platform modules already initialized, skipping
Refreshing native plugins compatible for Editor in 0.32 ms, found 1 plugins.
Preloading 0 native plugins for Editor in 0.00 ms.
Unloading 1806 Unused Serialized files (Serialized files now loaded: 0)
System memory in use before: 88.0 MB.
System memory in use after: 88.0 MB.

Unloading 12 unused Assets to reduce memory usage. Loaded Objects now: 2311.
Total: 2.019000 ms (FindLiveObjects: 0.300300 ms CreateObjectMapping: 0.114600 ms MarkObjects: 1.503900 ms  DeleteObjects: 0.099300 ms)

========================================================================
Received Import Request.
  Time since last request: 48.903088 seconds.
  path: ProjectSettings/TagManager.asset
  artifactKey: Guid(00000000000000003000000000000000) Importer(815301076,1909f56bfc062723c751e8b465ee728b)
Start importing ProjectSettings/TagManager.asset using Guid(00000000000000003000000000000000) Importer(815301076,1909f56bfc062723c751e8b465ee728b)  -> (artifact id: '48bee843c698d9ab3dae6dfd10a6554a') in 0.022594 seconds
  Import took 0.025689 seconds .

========================================================================
Received Import Request.
  Time since last request: 8.319623 seconds.
  path: Assets/Bullet.prefab
  artifactKey: Guid(48fb8401346d3d4468f23c09d55d40fa) Importer(815301076,1909f56bfc062723c751e8b465ee728b)
Start importing Assets/Bullet.prefab using Guid(48fb8401346d3d4468f23c09d55d40fa) Importer(815301076,1909f56bfc062723c751e8b465ee728b)  -> (artifact id: '6f8fd9e048fd0230f35a146e3e6c930c') in 0.056654 seconds
  Import took 0.060118 seconds .

========================================================================
Received Import Request.
  Time since last request: 4.559138 seconds.
  path: Assets/EnemySpawn.cs
  artifactKey: Guid(babb5835ab074bd47a242db44bdb068d) Importer(815301076,1909f56bfc062723c751e8b465ee728b)
Start importing Assets/EnemySpawn.cs using Guid(babb5835ab074bd47a242db44bdb068d) Importer(815301076,1909f56bfc062723c751e8b465ee728b)  -> (artifact id: '5187cc99218479e418cac3774ce38379') in 0.003465 seconds
  Import took 0.006272 seconds .

========================================================================
Received Import Request.
  Time since last request: 0.009170 seconds.
  path: Assets/EnemySpawn.cs
  artifactKey: Guid(babb5835ab074bd47a242db44bdb068d) Importer(815301076,1909f56bfc062723c751e8b465ee728b)
Start importing Assets/EnemySpawn.cs using Guid(babb5835ab074bd47a242db44bdb068d) Importer(815301076,1909f56bfc062723c751e8b465ee728b)  -> (artifact id: '5187cc99218479e418cac3774ce38379') in 0.003707 seconds
  Import took 0.006681 seconds .

========================================================================
Received Import Request.
  Time since last request: 62.727443 seconds.
  path: Assets/Player.cs
  artifactKey: Guid(cc2ceb84767d72d44901a10c39d4dd2e) Importer(815301076,1909f56bfc062723c751e8b465ee728b)
Start importing Assets/Player.cs using Guid(cc2ceb84767d72d44901a10c39d4dd2e) Importer(815301076,1909f56bfc062723c751e8b465ee728b)  -> (artifact id: '719eb94be1481a8c92cb1179ce10a44e') in 0.004635 seconds
  Import took 0.007816 seconds .

========================================================================
Received Prepare
Registering precompiled user dll's ...
Registered in 0.001508 seconds.
Begin MonoManager ReloadAssembly
Native extension for WindowsStandalone target not found
Refreshing native plugins compatible for Editor in 0.33 ms, found 1 plugins.
Preloading 0 native plugins for Editor in 0.00 ms.
Invoked RoslynAnalysisRunner static constructor.
RoslynAnalysisRunner will not be running.
RoslynAnalysisRunner has terminated.
Mono: successfully reloaded assembly
- Completed reload, in  0.829 seconds
Platform modules already initialized, skipping
Refreshing native plugins compatible for Editor in 0.32 ms, found 1 plugins.
Preloading 0 native plugins for Editor in 0.00 ms.
Unloading 1806 Unused Serialized files (Serialized files now loaded: 0)
System memory in use before: 88.0 MB.
System memory in use after: 88.0 MB.

Unloading 13 unused Assets to reduce memory usage. Loaded Objects now: 2316.
Total: 1.860700 ms (FindLiveObjects: 0.153200 ms CreateObjectMapping: 0.056800 ms MarkObjects: 1.549000 ms  DeleteObjects: 0.100800 ms)

========================================================================
Received Import Request.
  Time since last request: 79.009767 seconds.
  path: Assets/Player.cs
  artifactKey: Guid(cc2ceb84767d72d44901a10c39d4dd2e) Importer(815301076,1909f56bfc062723c751e8b465ee728b)
Start importing Assets/Player.cs using Guid(cc2ceb84767d72d44901a10c39d4dd2e) Importer(815301076,1909f56bfc062723c751e8b465ee728b)  -> (artifact id: '1204f6965a1d73bca229cb89db96beb7') in 0.005799 seconds
  Import took 0.008662 seconds .

========================================================================
Received Import Request.
  Time since last request: 4.431311 seconds.
  path: Assets/Bullet.cs
  artifactKey: Guid(88b6c68635cf66f48ad369b5983f805c) Importer(815301076,1909f56bfc062723c751e8b465ee728b)
Start importing Assets/Bullet.cs using Guid(88b6c68635cf66f48ad369b5983f805c) Importer(815301076,1909f56bfc062723c751e8b465ee728b)  -> (artifact id: '0d8c9b7bbab001659d84676baee0782d') in 0.006589 seconds
  Import took 0.009738 seconds .

========================================================================
Received Prepare
Registering precompiled user dll's ...
Registered in 0.001432 seconds.
Begin MonoManager ReloadAssembly
Native extension for WindowsStandalone target not found
Refreshing native plugins compatible for Editor in 0.62 ms, found 1 plugins.
Preloading 0 native plugins for Editor in 0.00 ms.
Invoked RoslynAnalysisRunner static constructor.
RoslynAnalysisRunner will not be running.
RoslynAnalysisRunner has terminated.
Mono: successfully reloaded assembly
- Completed reload, in  1.001 seconds
Platform modules already initialized, skipping
Refreshing native plugins compatible for Editor in 0.35 ms, found 1 plugins.
Preloading 0 native plugins for Editor in 0.00 ms.
Unloading 1807 Unused Serialized files (Serialized files now loaded: 0)
System memory in use before: 88.1 MB.
System memory in use after: 88.0 MB.

Unloading 12 unused Assets to reduce memory usage. Loaded Objects now: 2321.
Total: 2.550000 ms (FindLiveObjects: 0.282400 ms CreateObjectMapping: 0.120800 ms MarkObjects: 2.035400 ms  DeleteObjects: 0.109900 ms)

========================================================================
Received Prepare
Registering precompiled user dll's ...
Registered in 0.001525 seconds.
Begin MonoManager ReloadAssembly
Native extension for WindowsStandalone target not found
Refreshing native plugins compatible for Editor in 0.39 ms, found 1 plugins.
Preloading 0 native plugins for Editor in 0.00 ms.
Invoked RoslynAnalysisRunner static constructor.
RoslynAnalysisRunner will not be running.
RoslynAnalysisRunner has terminated.
Mono: successfully reloaded assembly
- Completed reload, in  0.832 seconds
Platform modules already initialized, skipping
Refreshing native plugins compatible for Editor in 0.41 ms, found 1 plugins.
Preloading 0 native plugins for Editor in 0.00 ms.
Unloading 1807 Unused Serialized files (Serialized files now loaded: 0)
System memory in use before: 88.1 MB.
System memory in use after: 88.1 MB.

Unloading 12 unused Assets to reduce memory usage. Loaded Objects now: 2325.
Total: 2.148500 ms (FindLiveObjects: 0.195400 ms CreateObjectMapping: 0.063000 ms MarkObjects: 1.794700 ms  DeleteObjects: 0.094900 ms)

========================================================================
Received Import Request.
  Time since last request: 24.820160 seconds.
  path: Assets/Bullet.cs
  artifactKey: Guid(88b6c68635cf66f48ad369b5983f805c) Importer(815301076,1909f56bfc062723c751e8b465ee728b)
Start importing Assets/Bullet.cs using Guid(88b6c68635cf66f48ad369b5983f805c) Importer(815301076,1909f56bfc062723c751e8b465ee728b)  -> (artifact id: '91a5c0de4d1e23cfc68d5f5c7c5104aa') in 0.005621 seconds
  Import took 0.008310 seconds .

========================================================================
Received Import Request.
  Time since last request: 12.995084 seconds.
  path: Assets/Bullet.prefab
  artifactKey: Guid(48fb8401346d3d4468f23c09d55d40fa) Importer(815301076,1909f56bfc062723c751e8b465ee728b)
Start importing Assets/Bullet.prefab using Guid(48fb8401346d3d4468f23c09d55d40fa) Importer(815301076,1909f56bfc062723c751e8b465ee728b)  -> (artifact id: 'da40afc60c3209a596ba627e2d3caf7f') in 0.060051 seconds
  Import took 0.063023 seconds .

========================================================================
Received Prepare
Registering precompiled user dll's ...
Registered in 0.001551 seconds.
Begin MonoManager ReloadAssembly
Native extension for WindowsStandalone target not found
Refreshing native plugins compatible for Editor in 0.32 ms, found 1 plugins.
Preloading 0 native plugins for Editor in 0.00 ms.
Invoked RoslynAnalysisRunner static constructor.
RoslynAnalysisRunner will not be running.
RoslynAnalysisRunner has terminated.
Mono: successfully reloaded assembly
- Completed reload, in  0.858 seconds
Platform modules already initialized, skipping
Refreshing native plugins compatible for Editor in 0.32 ms, found 1 plugins.
Preloading 0 native plugins for Editor in 0.00 ms.
Unloading 1807 Unused Serialized files (Serialized files now loaded: 0)
System memory in use before: 88.1 MB.
System memory in use after: 88.1 MB.

Unloading 12 unused Assets to reduce memory usage. Loaded Objects now: 2330.
Total: 2.043800 ms (FindLiveObjects: 0.170300 ms CreateObjectMapping: 0.072600 ms MarkObjects: 1.707500 ms  DeleteObjects: 0.092800 ms)

========================================================================
Received Import Request.
  Time since last request: 25.322659 seconds.
  path: Assets/Bullet.prefab
  artifactKey: Guid(48fb8401346d3d4468f23c09d55d40fa) Importer(815301076,1909f56bfc062723c751e8b465ee728b)
Start importing Assets/Bullet.prefab using Guid(48fb8401346d3d4468f23c09d55d40fa) Importer(815301076,1909f56bfc062723c751e8b465ee728b)  -> (artifact id: '4a77356dcf6ba026267b92659b5af886') in 0.056226 seconds
  Import took 0.059166 seconds .

========================================================================
Received Import Request.
  Time since last request: 2.147442 seconds.
  path: Assets/Bullet.prefab
  artifactKey: Guid(48fb8401346d3d4468f23c09d55d40fa) Importer(815301076,1909f56bfc062723c751e8b465ee728b)
Start importing Assets/Bullet.prefab using Guid(48fb8401346d3d4468f23c09d55d40fa) Importer(815301076,1909f56bfc062723c751e8b465ee728b)  -> (artifact id: '74aef9145d051fa843553f70c4aee332') in 0.014743 seconds
  Import took 0.017969 seconds .

========================================================================
Received Import Request.
  Time since last request: 3.233327 seconds.
  path: Assets/Bullet.prefab
  artifactKey: Guid(48fb8401346d3d4468f23c09d55d40fa) Importer(815301076,1909f56bfc062723c751e8b465ee728b)
Start importing Assets/Bullet.prefab using Guid(48fb8401346d3d4468f23c09d55d40fa) Importer(815301076,1909f56bfc062723c751e8b465ee728b)  -> (artifact id: '329f49590142ed52ea6829306fbf9501') in 0.013500 seconds
  Import took 0.016461 seconds .

========================================================================
Received Import Request.
  Time since last request: 45.189794 seconds.
  path: Assets/Bullet.prefab
  artifactKey: Guid(48fb8401346d3d4468f23c09d55d40fa) Importer(815301076,1909f56bfc062723c751e8b465ee728b)
Start importing Assets/Bullet.prefab using Guid(48fb8401346d3d4468f23c09d55d40fa) Importer(815301076,1909f56bfc062723c751e8b465ee728b)  -> (artifact id: '91ee2062441684e000590aaac8dec3f2') in 0.014599 seconds
  Import took 0.017615 seconds .

========================================================================
Received Import Request.
  Time since last request: 0.008647 seconds.
  path: Assets/Bullet.prefab
  artifactKey: Guid(48fb8401346d3d4468f23c09d55d40fa) Importer(815301076,1909f56bfc062723c751e8b465ee728b)
Start importing Assets/Bullet.prefab using Guid(48fb8401346d3d4468f23c09d55d40fa) Importer(815301076,1909f56bfc062723c751e8b465ee728b)  -> (artifact id: '91ee2062441684e000590aaac8dec3f2') in 0.010765 seconds
  Import took 0.014189 seconds .

========================================================================
Received Import Request.
  Time since last request: 9.636705 seconds.
  path: Assets/Bullet.prefab
  artifactKey: Guid(48fb8401346d3d4468f23c09d55d40fa) Importer(815301076,1909f56bfc062723c751e8b465ee728b)
Start importing Assets/Bullet.prefab using Guid(48fb8401346d3d4468f23c09d55d40fa) Importer(815301076,1909f56bfc062723c751e8b465ee728b)  -> (artifact id: 'df6bff077b6d10aa728902881039a986') in 0.011751 seconds
  Import took 0.014815 seconds .

========================================================================
Received Import Request.
  Time since last request: 0.013165 seconds.
  path: Assets/Bullet.prefab
  artifactKey: Guid(48fb8401346d3d4468f23c09d55d40fa) Importer(815301076,1909f56bfc062723c751e8b465ee728b)
Start importing Assets/Bullet.prefab using Guid(48fb8401346d3d4468f23c09d55d40fa) Importer(815301076,1909f56bfc062723c751e8b465ee728b)  -> (artifact id: 'df6bff077b6d10aa728902881039a986') in 0.013565 seconds
  Import took 0.017597 seconds .

========================================================================
Received Prepare
Registering precompiled user dll's ...
Registered in 0.001454 seconds.
Begin MonoManager ReloadAssembly
Native extension for WindowsStandalone target not found
Refreshing native plugins compatible for Editor in 0.32 ms, found 1 plugins.
Preloading 0 native plugins for Editor in 0.00 ms.
Invoked RoslynAnalysisRunner static constructor.
RoslynAnalysisRunner will not be running.
RoslynAnalysisRunner has terminated.
Mono: successfully reloaded assembly
- Completed reload, in  0.830 seconds
Platform modules already initialized, skipping
Refreshing native plugins compatible for Editor in 0.33 ms, found 1 plugins.
Preloading 0 native plugins for Editor in 0.00 ms.
Unloading 1807 Unused Serialized files (Serialized files now loaded: 0)
System memory in use before: 88.1 MB.
System memory in use after: 88.1 MB.

Unloading 12 unused Assets to reduce memory usage. Loaded Objects now: 2335.
Total: 1.965500 ms (FindLiveObjects: 0.171600 ms CreateObjectMapping: 0.076500 ms MarkObjects: 1.607500 ms  DeleteObjects: 0.109200 ms)

========================================================================
Received Import Request.
  Time since last request: 17.466290 seconds.
  path: Assets/Bullet.prefab
  artifactKey: Guid(48fb8401346d3d4468f23c09d55d40fa) Importer(815301076,1909f56bfc062723c751e8b465ee728b)
Start importing Assets/Bullet.prefab using Guid(48fb8401346d3d4468f23c09d55d40fa) Importer(815301076,1909f56bfc062723c751e8b465ee728b)  -> (artifact id: '7c66b3a7bfbf92d536e4f06750c8f8c6') in 0.058096 seconds
  Import took 0.061412 seconds .

========================================================================
Received Prepare
Registering precompiled user dll's ...
Registered in 0.001530 seconds.
Begin MonoManager ReloadAssembly
Native extension for WindowsStandalone target not found
Refreshing native plugins compatible for Editor in 0.39 ms, found 1 plugins.
Preloading 0 native plugins for Editor in 0.00 ms.
Invoked RoslynAnalysisRunner static constructor.
RoslynAnalysisRunner will not be running.
RoslynAnalysisRunner has terminated.
Mono: successfully reloaded assembly
- Completed reload, in  0.832 seconds
Platform modules already initialized, skipping
Refreshing native plugins compatible for Editor in 0.37 ms, found 1 plugins.
Preloading 0 native plugins for Editor in 0.00 ms.
Unloading 1807 Unused Serialized files (Serialized files now loaded: 0)
System memory in use before: 88.1 MB.
System memory in use after: 88.1 MB.

Unloading 12 unused Assets to reduce memory usage. Loaded Objects now: 2340.
Total: 2.029500 ms (FindLiveObjects: 0.198300 ms CreateObjectMapping: 0.089500 ms MarkObjects: 1.642600 ms  DeleteObjects: 0.098300 ms)

========================================================================
Received Prepare
Registering precompiled user dll's ...
Registered in 0.001439 seconds.
Begin MonoManager ReloadAssembly
Native extension for WindowsStandalone target not found
Refreshing native plugins compatible for Editor in 0.32 ms, found 1 plugins.
Preloading 0 native plugins for Editor in 0.00 ms.
Invoked RoslynAnalysisRunner static constructor.
RoslynAnalysisRunner will not be running.
RoslynAnalysisRunner has terminated.
Mono: successfully reloaded assembly
- Completed reload, in  0.838 seconds
Platform modules already initialized, skipping
Refreshing native plugins compatible for Editor in 0.34 ms, found 1 plugins.
Preloading 0 native plugins for Editor in 0.00 ms.
Unloading 1808 Unused Serialized files (Serialized files now loaded: 0)
System memory in use before: 88.2 MB.
System memory in use after: 88.1 MB.

Unloading 12 unused Assets to reduce memory usage. Loaded Objects now: 2345.
Total: 1.953100 ms (FindLiveObjects: 0.199000 ms CreateObjectMapping: 0.080300 ms MarkObjects: 1.559900 ms  DeleteObjects: 0.113000 ms)

========================================================================
Received Import Request.
  Time since last request: 50.469467 seconds.
  path: Assets/DataManaer.cs
  artifactKey: Guid(a13c3b00bc9fb16479151c7ac7f6910f) Importer(815301076,1909f56bfc062723c751e8b465ee728b)
Start importing Assets/DataManaer.cs using Guid(a13c3b00bc9fb16479151c7ac7f6910f) Importer(815301076,1909f56bfc062723c751e8b465ee728b)  -> (artifact id: '95eddab216f4ecef5bb178b75ebdca5a') in 0.006058 seconds
  Import took 0.009766 seconds .

========================================================================
Received Prepare
Registering precompiled user dll's ...
Registered in 0.001650 seconds.
Begin MonoManager ReloadAssembly
Native extension for WindowsStandalone target not found
Refreshing native plugins compatible for Editor in 0.33 ms, found 1 plugins.
Preloading 0 native plugins for Editor in 0.00 ms.
Invoked RoslynAnalysisRunner static constructor.
RoslynAnalysisRunner will not be running.
RoslynAnalysisRunner has terminated.
Mono: successfully reloaded assembly
- Completed reload, in  0.882 seconds
Platform modules already initialized, skipping
Refreshing native plugins compatible for Editor in 0.32 ms, found 1 plugins.
Preloading 0 native plugins for Editor in 0.00 ms.
Unloading 1808 Unused Serialized files (Serialized files now loaded: 0)
System memory in use before: 88.2 MB.
System memory in use after: 88.2 MB.

Unloading 12 unused Assets to reduce memory usage. Loaded Objects now: 2349.
Total: 1.881900 ms (FindLiveObjects: 0.203100 ms CreateObjectMapping: 0.077900 ms MarkObjects: 1.480000 ms  DeleteObjects: 0.119900 ms)

========================================================================
Received Prepare
Registering precompiled user dll's ...
Registered in 0.002046 seconds.
Begin MonoManager ReloadAssembly
Native extension for WindowsStandalone target not found
Refreshing native plugins compatible for Editor in 0.34 ms, found 1 plugins.
Preloading 0 native plugins for Editor in 0.00 ms.
Invoked RoslynAnalysisRunner static constructor.
RoslynAnalysisRunner will not be running.
RoslynAnalysisRunner has terminated.
Mono: successfully reloaded assembly
- Completed reload, in  0.868 seconds
Platform modules already initialized, skipping
Refreshing native plugins compatible for Editor in 0.37 ms, found 1 plugins.
Preloading 0 native plugins for Editor in 0.00 ms.
Unloading 1808 Unused Serialized files (Serialized files now loaded: 0)
System memory in use before: 88.2 MB.
System memory in use after: 88.2 MB.

Unloading 12 unused Assets to reduce memory usage. Loaded Objects now: 2353.
Total: 2.497500 ms (FindLiveObjects: 0.447300 ms CreateObjectMapping: 0.167000 ms MarkObjects: 1.768800 ms  DeleteObjects: 0.112700 ms)

========================================================================
Received Import Request.
  Time since last request: 784.262732 seconds.
  path: Assets/Bullet.cs
  artifactKey: Guid(88b6c68635cf66f48ad369b5983f805c) Importer(815301076,1909f56bfc062723c751e8b465ee728b)
Start importing Assets/Bullet.cs using Guid(88b6c68635cf66f48ad369b5983f805c) Importer(815301076,1909f56bfc062723c751e8b465ee728b)  -> (artifact id: '6bb6faabdfcbc52dbfe4f8c104284495') in 0.007283 seconds
  Import took 0.011271 seconds .

========================================================================
Received Prepare
Registering precompiled user dll's ...
Registered in 0.001852 seconds.
Begin MonoManager ReloadAssembly
Native extension for WindowsStandalone target not found
Refreshing native plugins compatible for Editor in 1.13 ms, found 1 plugins.
Preloading 0 native plugins for Editor in 0.00 ms.
Invoked RoslynAnalysisRunner static constructor.
RoslynAnalysisRunner will not be running.
RoslynAnalysisRunner has terminated.
Mono: successfully reloaded assembly
- Completed reload, in  0.977 seconds
Platform modules already initialized, skipping
Refreshing native plugins compatible for Editor in 0.34 ms, found 1 plugins.
Preloading 0 native plugins for Editor in 0.00 ms.
Unloading 1808 Unused Serialized files (Serialized files now loaded: 0)
System memory in use before: 88.2 MB.
System memory in use after: 88.2 MB.

Unloading 12 unused Assets to reduce memory usage. Loaded Objects now: 2357.
Total: 1.842400 ms (FindLiveObjects: 0.167900 ms CreateObjectMapping: 0.063700 ms MarkObjects: 1.507800 ms  DeleteObjects: 0.102300 ms)

========================================================================
Received Import Request.
  Time since last request: 92.938171 seconds.
  path: Assets/Bullet.cs
  artifactKey: Guid(88b6c68635cf66f48ad369b5983f805c) Importer(815301076,1909f56bfc062723c751e8b465ee728b)
Start importing Assets/Bullet.cs using Guid(88b6c68635cf66f48ad369b5983f805c) Importer(815301076,1909f56bfc062723c751e8b465ee728b)  -> (artifact id: 'dee100160a2f1b8e1fc7934df9402603') in 0.005908 seconds
  Import took 0.008772 seconds .

========================================================================
Received Prepare
Registering precompiled user dll's ...
Registered in 0.001509 seconds.
Begin MonoManager ReloadAssembly
Native extension for WindowsStandalone target not found
Refreshing native plugins compatible for Editor in 0.32 ms, found 1 plugins.
Preloading 0 native plugins for Editor in 0.00 ms.
Invoked RoslynAnalysisRunner static constructor.
RoslynAnalysisRunner will not be running.
RoslynAnalysisRunner has terminated.
Mono: successfully reloaded assembly
- Completed reload, in  0.829 seconds
Platform modules already initialized, skipping
Refreshing native plugins compatible for Editor in 0.32 ms, found 1 plugins.
Preloading 0 native plugins for Editor in 0.00 ms.
Unloading 1808 Unused Serialized files (Serialized files now loaded: 0)
System memory in use before: 88.2 MB.
System memory in use after: 88.2 MB.

Unloading 12 unused Assets to reduce memory usage. Loaded Objects now: 2361.
Total: 2.112400 ms (FindLiveObjects: 0.263800 ms CreateObjectMapping: 0.087400 ms MarkObjects: 1.651300 ms  DeleteObjects: 0.108400 ms)

========================================================================
Received Import Request.
  Time since last request: 156.430418 seconds.
  path: Assets/GameManager.cs
  artifactKey: Guid(181343149f18a08449f09cebc33816cf) Importer(815301076,1909f56bfc062723c751e8b465ee728b)
Start importing Assets/GameManager.cs using Guid(181343149f18a08449f09cebc33816cf) Importer(815301076,1909f56bfc062723c751e8b465ee728b)  -> (artifact id: '6ea85ae7ea46afeb5c03983409651eca') in 0.009821 seconds
  Import took 0.012609 seconds .

========================================================================
Received Prepare
Registering precompiled user dll's ...
Registered in 0.001534 seconds.
Begin MonoManager ReloadAssembly
Native extension for WindowsStandalone target not found
Refreshing native plugins compatible for Editor in 0.33 ms, found 1 plugins.
Preloading 0 native plugins for Editor in 0.00 ms.
Invoked RoslynAnalysisRunner static constructor.
RoslynAnalysisRunner will not be running.
RoslynAnalysisRunner has terminated.
Mono: successfully reloaded assembly
- Completed reload, in  0.814 seconds
Platform modules already initialized, skipping
Refreshing native plugins compatible for Editor in 0.32 ms, found 1 plugins.
Preloading 0 native plugins for Editor in 0.00 ms.
Unloading 1808 Unused Serialized files (Serialized files now loaded: 0)
System memory in use before: 88.2 MB.
System memory in use after: 88.2 MB.

Unloading 12 unused Assets to reduce memory usage. Loaded Objects now: 2365.
Total: 1.812700 ms (FindLiveObjects: 0.162600 ms CreateObjectMapping: 0.063400 ms MarkObjects: 1.485300 ms  DeleteObjects: 0.100800 ms)

========================================================================
Received Import Request.
  Time since last request: 126.069814 seconds.
  path: Assets/DataManaer.cs
  artifactKey: Guid(a13c3b00bc9fb16479151c7ac7f6910f) Importer(815301076,1909f56bfc062723c751e8b465ee728b)
Start importing Assets/DataManaer.cs using Guid(a13c3b00bc9fb16479151c7ac7f6910f) Importer(815301076,1909f56bfc062723c751e8b465ee728b)  -> (artifact id: '596e6e02e1a5087a1328a195f9eb4234') in 0.006669 seconds
  Import took 0.009520 seconds .

========================================================================
Received Import Request.
  Time since last request: 20.590095 seconds.
  path: Assets/Data.cs
  artifactKey: Guid(61d503ba60f1a8f438ef9ccda1d17834) Importer(815301076,1909f56bfc062723c751e8b465ee728b)
Start importing Assets/Data.cs using Guid(61d503ba60f1a8f438ef9ccda1d17834) Importer(815301076,1909f56bfc062723c751e8b465ee728b)  -> (artifact id: '703c056d7f3da3d33536a796f7cf6ec5') in 0.007625 seconds
  Import took 0.010503 seconds .

========================================================================
Received Prepare
Registering precompiled user dll's ...
Registered in 0.001433 seconds.
Begin MonoManager ReloadAssembly
Native extension for WindowsStandalone target not found
Refreshing native plugins compatible for Editor in 0.43 ms, found 1 plugins.
Preloading 0 native plugins for Editor in 0.00 ms.
Invoked RoslynAnalysisRunner static constructor.
RoslynAnalysisRunner will not be running.
RoslynAnalysisRunner has terminated.
Mono: successfully reloaded assembly
- Completed reload, in  1.027 seconds
Platform modules already initialized, skipping
Refreshing native plugins compatible for Editor in 0.32 ms, found 1 plugins.
Preloading 0 native plugins for Editor in 0.00 ms.
Unloading 1809 Unused Serialized files (Serialized files now loaded: 0)
System memory in use before: 88.2 MB.
System memory in use after: 88.2 MB.

Unloading 12 unused Assets to reduce memory usage. Loaded Objects now: 2370.
Total: 1.878400 ms (FindLiveObjects: 0.156900 ms CreateObjectMapping: 0.059600 ms MarkObjects: 1.559800 ms  DeleteObjects: 0.101400 ms)

========================================================================
Received Import Request.
  Time since last request: 14.443668 seconds.
  path: Assets/Data.cs
  artifactKey: Guid(61d503ba60f1a8f438ef9ccda1d17834) Importer(815301076,1909f56bfc062723c751e8b465ee728b)
Start importing Assets/Data.cs using Guid(61d503ba60f1a8f438ef9ccda1d17834) Importer(815301076,1909f56bfc062723c751e8b465ee728b)  -> (artifact id: '47cd0e43230005ab885f08a8c3364e3d') in 0.007525 seconds
  Import took 0.011074 seconds .

========================================================================
Received Import Request.
  Time since last request: 0.021689 seconds.
  path: Assets/Data.cs
  artifactKey: Guid(61d503ba60f1a8f438ef9ccda1d17834) Importer(815301076,1909f56bfc062723c751e8b465ee728b)
Start importing Assets/Data.cs using Guid(61d503ba60f1a8f438ef9ccda1d17834) Importer(815301076,1909f56bfc062723c751e8b465ee728b)  -> (artifact id: '47cd0e43230005ab885f08a8c3364e3d') in 0.004302 seconds
  Import took 0.007595 seconds .

========================================================================
Received Prepare
Registering precompiled user dll's ...
Registered in 0.001512 seconds.
Begin MonoManager ReloadAssembly
Native extension for WindowsStandalone target not found
Refreshing native plugins compatible for Editor in 0.40 ms, found 1 plugins.
Preloading 0 native plugins for Editor in 0.00 ms.
Invoked RoslynAnalysisRunner static constructor.
RoslynAnalysisRunner will not be running.
RoslynAnalysisRunner has terminated.
Mono: successfully reloaded assembly
- Completed reload, in  0.914 seconds
Platform modules already initialized, skipping
Refreshing native plugins compatible for Editor in 0.32 ms, found 1 plugins.
Preloading 0 native plugins for Editor in 0.00 ms.
Unloading 1808 Unused Serialized files (Serialized files now loaded: 0)
System memory in use before: 88.2 MB.
System memory in use after: 88.2 MB.

Unloading 13 unused Assets to reduce memory usage. Loaded Objects now: 2373.
Total: 2.202500 ms (FindLiveObjects: 0.163900 ms CreateObjectMapping: 0.060800 ms MarkObjects: 1.865700 ms  DeleteObjects: 0.111400 ms)

========================================================================
Received Prepare
Registering precompiled user dll's ...
Registered in 0.001457 seconds.
Begin MonoManager ReloadAssembly
Native extension for WindowsStandalone target not found
Refreshing native plugins compatible for Editor in 0.34 ms, found 1 plugins.
Preloading 0 native plugins for Editor in 0.00 ms.
Invoked RoslynAnalysisRunner static constructor.
RoslynAnalysisRunner will not be running.
RoslynAnalysisRunner has terminated.
Mono: successfully reloaded assembly
- Completed reload, in  0.823 seconds
Platform modules already initialized, skipping
Refreshing native plugins compatible for Editor in 0.33 ms, found 1 plugins.
Preloading 0 native plugins for Editor in 0.00 ms.
Unloading 1808 Unused Serialized files (Serialized files now loaded: 0)
System memory in use before: 88.2 MB.
System memory in use after: 88.2 MB.

Unloading 12 unused Assets to reduce memory usage. Loaded Objects now: 2377.
Total: 1.919600 ms (FindLiveObjects: 0.185500 ms CreateObjectMapping: 0.063600 ms MarkObjects: 1.571100 ms  DeleteObjects: 0.098700 ms)

========================================================================
Received Prepare
Registering precompiled user dll's ...
Registered in 0.001863 seconds.
Begin MonoManager ReloadAssembly
Native extension for WindowsStandalone target not found
Refreshing native plugins compatible for Editor in 0.35 ms, found 1 plugins.
Preloading 0 native plugins for Editor in 0.00 ms.
Invoked RoslynAnalysisRunner static constructor.
RoslynAnalysisRunner will not be running.
RoslynAnalysisRunner has terminated.
Mono: successfully reloaded assembly
- Completed reload, in  0.834 seconds
Platform modules already initialized, skipping
Refreshing native plugins compatible for Editor in 0.33 ms, found 1 plugins.
Preloading 0 native plugins for Editor in 0.00 ms.
Unloading 1808 Unused Serialized files (Serialized files now loaded: 0)
System memory in use before: 88.2 MB.
System memory in use after: 88.2 MB.

Unloading 12 unused Assets to reduce memory usage. Loaded Objects now: 2381.
Total: 2.099400 ms (FindLiveObjects: 0.187500 ms CreateObjectMapping: 0.057300 ms MarkObjects: 1.748900 ms  DeleteObjects: 0.104900 ms)

========================================================================
Received Prepare
Registering precompiled user dll's ...
Registered in 0.001493 seconds.
Begin MonoManager ReloadAssembly
Native extension for WindowsStandalone target not found
Refreshing native plugins compatible for Editor in 0.32 ms, found 1 plugins.
Preloading 0 native plugins for Editor in 0.00 ms.
Invoked RoslynAnalysisRunner static constructor.
RoslynAnalysisRunner will not be running.
RoslynAnalysisRunner has terminated.
Mono: successfully reloaded assembly
- Completed reload, in  0.823 seconds
Platform modules already initialized, skipping
Refreshing native plugins compatible for Editor in 0.32 ms, found 1 plugins.
Preloading 0 native plugins for Editor in 0.00 ms.
Unloading 1808 Unused Serialized files (Serialized files now loaded: 0)
System memory in use before: 88.2 MB.
System memory in use after: 88.2 MB.

Unloading 12 unused Assets to reduce memory usage. Loaded Objects now: 2385.
Total: 1.924100 ms (FindLiveObjects: 0.187500 ms CreateObjectMapping: 0.055900 ms MarkObjects: 1.579600 ms  DeleteObjects: 0.100300 ms)

========================================================================
Received Prepare
Registering precompiled user dll's ...
Registered in 0.001737 seconds.
Begin MonoManager ReloadAssembly
Native extension for WindowsStandalone target not found
Refreshing native plugins compatible for Editor in 0.33 ms, found 1 plugins.
Preloading 0 native plugins for Editor in 0.00 ms.
Invoked RoslynAnalysisRunner static constructor.
RoslynAnalysisRunner will not be running.
RoslynAnalysisRunner has terminated.
Mono: successfully reloaded assembly
- Completed reload, in  0.826 seconds
Platform modules already initialized, skipping
Refreshing native plugins compatible for Editor in 0.35 ms, found 1 plugins.
Preloading 0 native plugins for Editor in 0.00 ms.
Unloading 1808 Unused Serialized files (Serialized files now loaded: 0)
System memory in use before: 88.2 MB.
System memory in use after: 88.2 MB.

Unloading 12 unused Assets to reduce memory usage. Loaded Objects now: 2389.
Total: 2.260700 ms (FindLiveObjects: 0.194100 ms CreateObjectMapping: 0.072300 ms MarkObjects: 1.894200 ms  DeleteObjects: 0.099300 ms)

========================================================================
Received Import Request.
  Time since last request: 215.782845 seconds.
  path: ProjectSettings/TagManager.asset
  artifactKey: Guid(00000000000000003000000000000000) Importer(815301076,1909f56bfc062723c751e8b465ee728b)
Start importing ProjectSettings/TagManager.asset using Guid(00000000000000003000000000000000) Importer(815301076,1909f56bfc062723c751e8b465ee728b)  -> (artifact id: '970cd3e2a8a2760ddb3c430ebc4e3be5') in 0.012681 seconds
  Import took 0.015704 seconds .

========================================================================
Received Import Request.
  Time since last request: 4.825917 seconds.
  path: Assets/Enemy.prefab
  artifactKey: Guid(284a47d1b53a60447a8c1cde7db7dac7) Importer(815301076,1909f56bfc062723c751e8b465ee728b)
Start importing Assets/Enemy.prefab using Guid(284a47d1b53a60447a8c1cde7db7dac7) Importer(815301076,1909f56bfc062723c751e8b465ee728b)  -> (artifact id: 'fca57c79cf125501b58dfb8840c508ca') in 0.050298 seconds
  Import took 0.053395 seconds .

========================================================================
Received Prepare
Registering precompiled user dll's ...
Registered in 0.002262 seconds.
Begin MonoManager ReloadAssembly
Native extension for WindowsStandalone target not found
Refreshing native plugins compatible for Editor in 0.33 ms, found 1 plugins.
Preloading 0 native plugins for Editor in 0.00 ms.
Invoked RoslynAnalysisRunner static constructor.
RoslynAnalysisRunner will not be running.
RoslynAnalysisRunner has terminated.
Mono: successfully reloaded assembly
- Completed reload, in  0.824 seconds
Platform modules already initialized, skipping
Refreshing native plugins compatible for Editor in 0.32 ms, found 1 plugins.
Preloading 0 native plugins for Editor in 0.00 ms.
Unloading 1808 Unused Serialized files (Serialized files now loaded: 0)
System memory in use before: 88.3 MB.
System memory in use after: 88.3 MB.

Unloading 14 unused Assets to reduce memory usage. Loaded Objects now: 2394.
Total: 1.979800 ms (FindLiveObjects: 0.190600 ms CreateObjectMapping: 0.056600 ms MarkObjects: 1.630900 ms  DeleteObjects: 0.101100 ms)

========================================================================
Received Prepare
Registering precompiled user dll's ...
Registered in 0.001764 seconds.
Begin MonoManager ReloadAssembly
Native extension for WindowsStandalone target not found
Refreshing native plugins compatible for Editor in 0.32 ms, found 1 plugins.
Preloading 0 native plugins for Editor in 0.00 ms.
Invoked RoslynAnalysisRunner static constructor.
RoslynAnalysisRunner will not be running.
RoslynAnalysisRunner has terminated.
Mono: successfully reloaded assembly
- Completed reload, in  0.818 seconds
Platform modules already initialized, skipping
Refreshing native plugins compatible for Editor in 0.36 ms, found 1 plugins.
Preloading 0 native plugins for Editor in 0.00 ms.
Unloading 1808 Unused Serialized files (Serialized files now loaded: 0)
System memory in use before: 88.3 MB.
System memory in use after: 88.3 MB.

Unloading 12 unused Assets to reduce memory usage. Loaded Objects now: 2398.
Total: 2.221300 ms (FindLiveObjects: 0.177400 ms CreateObjectMapping: 0.076100 ms MarkObjects: 1.774300 ms  DeleteObjects: 0.191900 ms)

========================================================================
Received Import Request.
  Time since last request: 394.513525 seconds.
  path: Assets/Data.cs
  artifactKey: Guid(61d503ba60f1a8f438ef9ccda1d17834) Importer(815301076,1909f56bfc062723c751e8b465ee728b)
Start importing Assets/Data.cs using Guid(61d503ba60f1a8f438ef9ccda1d17834) Importer(815301076,1909f56bfc062723c751e8b465ee728b)  -> (artifact id: '9fa1b2e208763f1ce1a5f988be803e82') in 0.005923 seconds
  Import took 0.008939 seconds .

========================================================================
Received Import Request.
  Time since last request: 1.006243 seconds.
  path: Assets/Player.cs
  artifactKey: Guid(cc2ceb84767d72d44901a10c39d4dd2e) Importer(815301076,1909f56bfc062723c751e8b465ee728b)
Start importing Assets/Player.cs using Guid(cc2ceb84767d72d44901a10c39d4dd2e) Importer(815301076,1909f56bfc062723c751e8b465ee728b)  -> (artifact id: '0c849378521d366927196a1c64ab746c') in 0.003569 seconds
  Import took 0.006368 seconds .

========================================================================
Received Prepare
Registering precompiled user dll's ...
Registered in 0.001471 seconds.
Begin MonoManager ReloadAssembly
Native extension for WindowsStandalone target not found
Refreshing native plugins compatible for Editor in 0.32 ms, found 1 plugins.
Preloading 0 native plugins for Editor in 0.00 ms.
Invoked RoslynAnalysisRunner static constructor.
RoslynAnalysisRunner will not be running.
RoslynAnalysisRunner has terminated.
Mono: successfully reloaded assembly
- Completed reload, in  0.832 seconds
Platform modules already initialized, skipping
Refreshing native plugins compatible for Editor in 0.32 ms, found 1 plugins.
Preloading 0 native plugins for Editor in 0.00 ms.
Unloading 1808 Unused Serialized files (Serialized files now loaded: 0)
System memory in use before: 88.3 MB.
System memory in use after: 88.3 MB.

Unloading 12 unused Assets to reduce memory usage. Loaded Objects now: 2402.
Total: 1.808100 ms (FindLiveObjects: 0.159500 ms CreateObjectMapping: 0.065000 ms MarkObjects: 1.487300 ms  DeleteObjects: 0.095200 ms)

========================================================================
Received Import Request.
  Time since last request: 259.114991 seconds.
  path: Assets/Player.cs
  artifactKey: Guid(cc2ceb84767d72d44901a10c39d4dd2e) Importer(815301076,1909f56bfc062723c751e8b465ee728b)
Start importing Assets/Player.cs using Guid(cc2ceb84767d72d44901a10c39d4dd2e) Importer(815301076,1909f56bfc062723c751e8b465ee728b)  -> (artifact id: 'a84d8cc2b428dc6ac922d70f209144eb') in 0.013718 seconds
  Import took 0.016445 seconds .

========================================================================
Received Import Request.
  Time since last request: 140.923323 seconds.
  path: Assets/EnemySpawn.cs
  artifactKey: Guid(babb5835ab074bd47a242db44bdb068d) Importer(815301076,1909f56bfc062723c751e8b465ee728b)
Start importing Assets/EnemySpawn.cs using Guid(babb5835ab074bd47a242db44bdb068d) Importer(815301076,1909f56bfc062723c751e8b465ee728b)  -> (artifact id: '7932e4a5b5031d5780d5c286726bd9d0') in 0.004910 seconds
  Import took 0.008270 seconds .

========================================================================
Received Import Request.
  Time since last request: 1.843819 seconds.
  path: Assets/Scenes/SampleScene.unity
  artifactKey: Guid(2cda990e2423bbf4892e6590ba056729) Importer(815301076,1909f56bfc062723c751e8b465ee728b)
Start importing Assets/Scenes/SampleScene.unity using Guid(2cda990e2423bbf4892e6590ba056729) Importer(815301076,1909f56bfc062723c751e8b465ee728b)  -> (artifact id: '09e4a42e25ddcf18b154b7a1835d4456') in 0.015487 seconds
  Import took 0.018448 seconds .

AssetImportWorkerClient::OnTransportError - code=2 error=End of file
